0 info it worked if it ends with ok
1 verbose cli [ '/opt/nodejs/bin/node',
1 verbose cli   '/opt/nodejs/bin/npm',
1 verbose cli   'run',
1 verbose cli   'serve:dev' ]
2 info using npm@3.10.10
3 info using node@v6.9.5
4 verbose stack Error: missing script: serve:dev
4 verbose stack     at run (/opt/nodejs/lib/node_modules/npm/lib/run-script.js:151:19)
4 verbose stack     at /opt/nodejs/lib/node_modules/npm/lib/run-script.js:61:5
4 verbose stack     at /opt/nodejs/lib/node_modules/npm/node_modules/read-package-json/read-json.js:356:5
4 verbose stack     at checkBinReferences_ (/opt/nodejs/lib/node_modules/npm/node_modules/read-package-json/read-json.js:320:45)
4 verbose stack     at final (/opt/nodejs/lib/node_modules/npm/node_modules/read-package-json/read-json.js:354:3)
4 verbose stack     at then (/opt/nodejs/lib/node_modules/npm/node_modules/read-package-json/read-json.js:124:5)
4 verbose stack     at /opt/nodejs/lib/node_modules/npm/node_modules/read-package-json/read-json.js:243:12
4 verbose stack     at /opt/nodejs/lib/node_modules/npm/node_modules/graceful-fs/graceful-fs.js:78:16
4 verbose stack     at tryToString (fs.js:455:3)
4 verbose stack     at FSReqWrap.readFileAfterClose [as oncomplete] (fs.js:442:12)
5 verbose cwd /home/elawliet/Downloads/recent/journalfti
6 error Linux 4.4.0-21-generic
7 error argv "/opt/nodejs/bin/node" "/opt/nodejs/bin/npm" "run" "serve:dev"
8 error node v6.9.5
9 error npm  v3.10.10
10 error missing script: serve:dev
11 error If you need help, you may report this error at:
11 error     <https://github.com/npm/npm/issues>
12 verbose exit [ 1, true ]
